<?xml version="1.0" encoding="UTF-8"?>
<coverage generated="1511040440295" clover="3.2.0">
  <project timestamp="1511040440295" name="All files">
    <metrics statements="3" coveredstatements="3" conditionals="8" coveredconditionals="7" methods="0" coveredmethods="0" elements="11" coveredelements="10" complexity="0" loc="3" ncloc="3" packages="1" files="1" classes="1">
      <file name="nuxt.config.js" path="/Users/robyedlin/Documents/Repos/state-of-the-dapps/sotd-www/nuxt.config.js">
        <metrics statements="3" coveredstatements="3" conditionals="8" coveredconditionals="7" methods="0" coveredmethods="0"/>
        <line num="1" count="1" type="stmt"/>
        <line num="7" count="2" type="cond" truecount="2" falsecount="0"/>
        <line num="8" count="1" type="stmt"/>
      </file>
    </metrics>
  </project>
</coverage>
