{"/Users/robyedlin/Documents/Repos/state-of-the-dapps/sotd-www/nuxt.config.js": {"path":"/Users/robyedlin/Documents/Repos/state-of-the-dapps/sotd-www/nuxt.config.js","statementMap":{"0":{"start":{"line":1,"column":0},"end":{"line":91,"column":1}},"1":{"start":{"line":7,"column":6},"end":{"line":14,"column":7}},"2":{"start":{"line":8,"column":8},"end":{"line":13,"column":10}}},"fnMap":{},"branchMap":{"0":{"loc":{"start":{"line":7,"column":6},"end":{"line":14,"column":7}},"type":"if","locations":[{"start":{"line":7,"column":6},"end":{"line":14,"column":7}},{"start":{"line":7,"column":6},"end":{"line":14,"column":7}}],"line":7},"1":{"loc":{"start":{"line":32,"column":8},"end":{"line":32,"column":39}},"type":"binary-expr","locations":[{"start":{"line":32,"column":8},"end":{"line":32,"column":24}},{"start":{"line":32,"column":28},"end":{"line":32,"column":39}}],"line":32},"2":{"loc":{"start":{"line":48,"column":12},"end":{"line":48,"column":58}},"type":"binary-expr","locations":[{"start":{"line":48,"column":12},"end":{"line":48,"column":31}},{"start":{"line":48,"column":35},"end":{"line":48,"column":58}}],"line":48},"3":{"loc":{"start":{"line":49,"column":15},"end":{"line":49,"column":47}},"type":"binary-expr","locations":[{"start":{"line":49,"column":15},"end":{"line":49,"column":36}},{"start":{"line":49,"column":40},"end":{"line":49,"column":47}}],"line":49}},"s":{"0":1,"1":2,"2":1},"f":{},"b":{"0":[1,1],"1":[1,1],"2":[1,0],"3":[1,1]},"_coverageSchema":"332fd63041d2c1bcb487cc26dd0d5f7d97098a6c","hash":"94da1b836bff3f616c3b0abfdb891fe74865c402"}
}
